<?xml version="1.0" encoding="UTF-8"?>
<testsuite name="org.apache.commons.math3.linear.ArrayRealVectorTest" time="0.063" tests="108" errors="0" skipped="0" failures="0">
  <properties>
    <property name="java.runtime.name" value="Java(TM) SE Runtime Environment"/>
    <property name="sun.boot.library.path" value="D:\Program Files\Java\jdk1.8.0_91\jre\bin"/>
    <property name="java.vm.version" value="25.91-b15"/>
    <property name="java.vm.vendor" value="Oracle Corporation"/>
    <property name="maven.multiModuleProjectDirectory" value="D:\Java_projects\AST\jacoco\commons-math3-3.6.1-src"/>
    <property name="java.vendor.url" value="http://java.oracle.com/"/>
    <property name="path.separator" value=";"/>
    <property name="guice.disable.misplaced.annotation.check" value="true"/>
    <property name="java.vm.name" value="Java HotSpot(TM) 64-Bit Server VM"/>
    <property name="file.encoding.pkg" value="sun.io"/>
    <property name="user.script" value=""/>
    <property name="user.country" value="RU"/>
    <property name="sun.java.launcher" value="SUN_STANDARD"/>
    <property name="sun.os.patch.level" value=""/>
    <property name="java.vm.specification.name" value="Java Virtual Machine Specification"/>
    <property name="user.dir" value="D:\Java_projects\AST\jacoco\commons-math3-3.6.1-src"/>
    <property name="java.runtime.version" value="1.8.0_91-b15"/>
    <property name="java.awt.graphicsenv" value="sun.awt.Win32GraphicsEnvironment"/>
    <property name="java.endorsed.dirs" value="D:\Program Files\Java\jdk1.8.0_91\jre\lib\endorsed"/>
    <property name="os.arch" value="amd64"/>
    <property name="java.io.tmpdir" value="C:\Users\111\AppData\Local\Temp\"/>
    <property name="line.separator" value="&#10;"/>
    <property name="java.vm.specification.vendor" value="Oracle Corporation"/>
    <property name="user.variant" value=""/>
    <property name="os.name" value="Windows 10"/>
    <property name="classworlds.conf" value="D:\Program Files\Maven\apache-maven-3.3.9\bin\m2.conf"/>
    <property name="sun.jnu.encoding" value="Cp1251"/>
    <property name="java.library.path" value="D:\Program Files\Java\jdk1.8.0_91\bin;C:\WINDOWS\Sun\Java\bin;C:\WINDOWS\system32;C:\WINDOWS;C:\ProgramData\Oracle\Java\javapath;C:\Program Files (x86)\Intel\iCLS Client\;C:\Program Files\Intel\iCLS Client\;C:\Windows\system32;C:\Windows;C:\Windows\System32\Wbem;C:\Windows\System32\WindowsPowerShell\v1.0\;C:\Program Files (x86)\Intel\Intel(R) Management Engine Components\DAL;C:\Program Files\Intel\Intel(R) Management Engine Components\DAL;C:\Program Files (x86)\Intel\Intel(R) Management Engine Components\IPT;C:\Program Files\Intel\Intel(R) Management Engine Components\IPT;C:\WINDOWS\system32;C:\WINDOWS;C:\WINDOWS\System32\Wbem;C:\WINDOWS\System32\WindowsPowerShell\v1.0\;C:\Program Files (x86)\NVIDIA Corporation\PhysX\Common;C:\Program Files (x86)\Skype\Phone\;D:\Program Files\Git\cmd;C:\Program Files (x86)\GtkSharp\2.12\bin;C:\WINDOWS\system32\config\systemprofile\.dnx\bin;C:\Program Files\Microsoft DNX\Dnvm\;C:\Program Files (x86)\Windows Kits\8.1\Windows Performance Toolkit\;D:\Program Files\Java\jdk1.8.0_91\bin;D:\Program Files\Maven\apache-maven-3.3.9\bin;D:\Program Files\Vagrant\bin;D:\Program Files\PuTTY\;C:\Users\111\AppData\Local\Microsoft\WindowsApps;;."/>
    <property name="java.specification.name" value="Java Platform API Specification"/>
    <property name="java.class.version" value="52.0"/>
    <property name="sun.management.compiler" value="HotSpot 64-Bit Tiered Compilers"/>
    <property name="os.version" value="10.0"/>
    <property name="user.home" value="C:\Users\111"/>
    <property name="user.timezone" value="Europe/Moscow"/>
    <property name="java.awt.printerjob" value="sun.awt.windows.WPrinterJob"/>
    <property name="java.specification.version" value="1.8"/>
    <property name="file.encoding" value="Cp1251"/>
    <property name="user.name" value="Krabik"/>
    <property name="java.class.path" value="D:\Program Files\Maven\apache-maven-3.3.9\boot\plexus-classworlds-2.5.2.jar"/>
    <property name="java.vm.specification.version" value="1.8"/>
    <property name="sun.arch.data.model" value="64"/>
    <property name="java.home" value="D:\Program Files\Java\jdk1.8.0_91\jre"/>
    <property name="sun.java.command" value="org.codehaus.plexus.classworlds.launcher.Launcher clean package"/>
    <property name="java.specification.vendor" value="Oracle Corporation"/>
    <property name="user.language" value="ru"/>
    <property name="awt.toolkit" value="sun.awt.windows.WToolkit"/>
    <property name="java.vm.info" value="mixed mode"/>
    <property name="java.version" value="1.8.0_91"/>
    <property name="java.ext.dirs" value="D:\Program Files\Java\jdk1.8.0_91\jre\lib\ext;C:\WINDOWS\Sun\Java\lib\ext"/>
    <property name="sun.boot.class.path" value="D:\Program Files\Java\jdk1.8.0_91\jre\lib\resources.jar;D:\Program Files\Java\jdk1.8.0_91\jre\lib\rt.jar;D:\Program Files\Java\jdk1.8.0_91\jre\lib\sunrsasign.jar;D:\Program Files\Java\jdk1.8.0_91\jre\lib\jsse.jar;D:\Program Files\Java\jdk1.8.0_91\jre\lib\jce.jar;D:\Program Files\Java\jdk1.8.0_91\jre\lib\charsets.jar;D:\Program Files\Java\jdk1.8.0_91\jre\lib\jfr.jar;D:\Program Files\Java\jdk1.8.0_91\jre\classes"/>
    <property name="sun.stderr.encoding" value="cp866"/>
    <property name="java.vendor" value="Oracle Corporation"/>
    <property name="maven.home" value="D:\Program Files\Maven\apache-maven-3.3.9"/>
    <property name="file.separator" value="\"/>
    <property name="java.vendor.url.bug" value="http://bugreport.sun.com/bugreport/"/>
    <property name="sun.cpu.endian" value="little"/>
    <property name="sun.io.unicode.encoding" value="UnicodeLittle"/>
    <property name="sun.stdout.encoding" value="cp866"/>
    <property name="sun.desktop" value="windows"/>
    <property name="sun.cpu.isalist" value="amd64"/>
  </properties>
  <testcase name="testZeroVectors" classname="org.apache.commons.math3.linear.ArrayRealVectorTest" time="0"/>
  <testcase name="testConstructors" classname="org.apache.commons.math3.linear.ArrayRealVectorTest" time="0"/>
  <testcase name="testPredicates" classname="org.apache.commons.math3.linear.ArrayRealVectorTest" time="0"/>
  <testcase name="testGetDataRef" classname="org.apache.commons.math3.linear.ArrayRealVectorTest" time="0"/>
  <testcase name="testAddMixedTypes" classname="org.apache.commons.math3.linear.ArrayRealVectorTest" time="0"/>
  <testcase name="testProjectionSameType" classname="org.apache.commons.math3.linear.ArrayRealVectorTest" time="0"/>
  <testcase name="testWalkInOptimizedOrderChangingVisitor1" classname="org.apache.commons.math3.linear.ArrayRealVectorTest" time="0"/>
  <testcase name="testWalkInOptimizedOrderChangingVisitor2" classname="org.apache.commons.math3.linear.ArrayRealVectorTest" time="0"/>
  <testcase name="testWalkInOptimizedOrderChangingVisitor3" classname="org.apache.commons.math3.linear.ArrayRealVectorTest" time="0"/>
  <testcase name="testAppendScalar" classname="org.apache.commons.math3.linear.ArrayRealVectorTest" time="0.001"/>
  <testcase name="testOuterProductMixedTypes" classname="org.apache.commons.math3.linear.ArrayRealVectorTest" time="0"/>
  <testcase name="testEbeDivideDimensionMismatch" classname="org.apache.commons.math3.linear.ArrayRealVectorTest" time="0"/>
  <testcase name="testAppendVector" classname="org.apache.commons.math3.linear.ArrayRealVectorTest" time="0"/>
  <testcase name="testCombineMixedTypes" classname="org.apache.commons.math3.linear.ArrayRealVectorTest" time="0.014"/>
  <testcase name="testGetEntry" classname="org.apache.commons.math3.linear.ArrayRealVectorTest" time="0"/>
  <testcase name="testEbeMultiplyDimensionMismatch" classname="org.apache.commons.math3.linear.ArrayRealVectorTest" time="0"/>
  <testcase name="testUnitizeNullVector" classname="org.apache.commons.math3.linear.ArrayRealVectorTest" time="0"/>
  <testcase name="testToArray" classname="org.apache.commons.math3.linear.ArrayRealVectorTest" time="0"/>
  <testcase name="testSubtractSameType" classname="org.apache.commons.math3.linear.ArrayRealVectorTest" time="0.001"/>
  <testcase name="testMap" classname="org.apache.commons.math3.linear.ArrayRealVectorTest" time="0.006"/>
  <testcase name="testSet" classname="org.apache.commons.math3.linear.ArrayRealVectorTest" time="0"/>
  <testcase name="testOuterProductSameType" classname="org.apache.commons.math3.linear.ArrayRealVectorTest" time="0"/>
  <testcase name="testIsInfinite" classname="org.apache.commons.math3.linear.ArrayRealVectorTest" time="0"/>
  <testcase name="testGetLInfDistanceMixedTypes" classname="org.apache.commons.math3.linear.ArrayRealVectorTest" time="0"/>
  <testcase name="testSetSubVectorInvalidIndex1" classname="org.apache.commons.math3.linear.ArrayRealVectorTest" time="0"/>
  <testcase name="testSetSubVectorInvalidIndex2" classname="org.apache.commons.math3.linear.ArrayRealVectorTest" time="0"/>
  <testcase name="testSetSubVectorInvalidIndex3" classname="org.apache.commons.math3.linear.ArrayRealVectorTest" time="0"/>
  <testcase name="testCombineDimensionMismatchMixedTypes" classname="org.apache.commons.math3.linear.ArrayRealVectorTest" time="0"/>
  <testcase name="testMapDivideToSelf" classname="org.apache.commons.math3.linear.ArrayRealVectorTest" time="0"/>
  <testcase name="testIsNaN" classname="org.apache.commons.math3.linear.ArrayRealVectorTest" time="0"/>
  <testcase name="testMapMultiplyToSelf" classname="org.apache.commons.math3.linear.ArrayRealVectorTest" time="0"/>
  <testcase name="testWalkInDefaultOrderChangingVisitor1" classname="org.apache.commons.math3.linear.ArrayRealVectorTest" time="0.001"/>
  <testcase name="testWalkInDefaultOrderChangingVisitor2" classname="org.apache.commons.math3.linear.ArrayRealVectorTest" time="0"/>
  <testcase name="testWalkInDefaultOrderChangingVisitor3" classname="org.apache.commons.math3.linear.ArrayRealVectorTest" time="0.001"/>
  <testcase name="testCopy" classname="org.apache.commons.math3.linear.ArrayRealVectorTest" time="0"/>
  <testcase name="testSetEntryInvalidIndex1" classname="org.apache.commons.math3.linear.ArrayRealVectorTest" time="0"/>
  <testcase name="testSetEntryInvalidIndex2" classname="org.apache.commons.math3.linear.ArrayRealVectorTest" time="0"/>
  <testcase name="testSubtractMixedTypes" classname="org.apache.commons.math3.linear.ArrayRealVectorTest" time="0.001"/>
  <testcase name="testCosineLeftNullVector" classname="org.apache.commons.math3.linear.ArrayRealVectorTest" time="0"/>
  <testcase name="testCombineDimensionMismatchSameType" classname="org.apache.commons.math3.linear.ArrayRealVectorTest" time="0"/>
  <testcase name="testGetL1DistanceDimensionMismatch" classname="org.apache.commons.math3.linear.ArrayRealVectorTest" time="0"/>
  <testcase name="testEbeDivideMixedTypes" classname="org.apache.commons.math3.linear.ArrayRealVectorTest" time="0"/>
  <testcase name="testCosineMixedTypes" classname="org.apache.commons.math3.linear.ArrayRealVectorTest" time="0"/>
  <testcase name="testDotProductSameType" classname="org.apache.commons.math3.linear.ArrayRealVectorTest" time="0"/>
  <testcase name="testEbeMultiplyMixedTypes" classname="org.apache.commons.math3.linear.ArrayRealVectorTest" time="0"/>
  <testcase name="testMapMultiply" classname="org.apache.commons.math3.linear.ArrayRealVectorTest" time="0"/>
  <testcase name="testUnitize" classname="org.apache.commons.math3.linear.ArrayRealVectorTest" time="0"/>
  <testcase name="testGetNorm" classname="org.apache.commons.math3.linear.ArrayRealVectorTest" time="0"/>
  <testcase name="testDotProductDimensionMismatchMixedTypes" classname="org.apache.commons.math3.linear.ArrayRealVectorTest" time="0"/>
  <testcase name="testCosineRightNullVector" classname="org.apache.commons.math3.linear.ArrayRealVectorTest" time="0"/>
  <testcase name="testCombineToSelfDimensionMismatchMixedTypes" classname="org.apache.commons.math3.linear.ArrayRealVectorTest" time="0"/>
  <testcase name="testEbeDivideSameType" classname="org.apache.commons.math3.linear.ArrayRealVectorTest" time="0"/>
  <testcase name="testCosineSameType" classname="org.apache.commons.math3.linear.ArrayRealVectorTest" time="0"/>
  <testcase name="testMapSubtractToSelf" classname="org.apache.commons.math3.linear.ArrayRealVectorTest" time="0"/>
  <testcase name="testProjectionMixedTypes" classname="org.apache.commons.math3.linear.ArrayRealVectorTest" time="0"/>
  <testcase name="testGetDimension" classname="org.apache.commons.math3.linear.ArrayRealVectorTest" time="0"/>
  <testcase name="testCombineToSelfSameType" classname="org.apache.commons.math3.linear.ArrayRealVectorTest" time="0.01"/>
  <testcase name="testGetLInfNorm" classname="org.apache.commons.math3.linear.ArrayRealVectorTest" time="0"/>
  <testcase name="testEbeMultiplySameType" classname="org.apache.commons.math3.linear.ArrayRealVectorTest" time="0.001"/>
  <testcase name="testAddToEntry" classname="org.apache.commons.math3.linear.ArrayRealVectorTest" time="0"/>
  <testcase name="testGetDistanceDimensionMismatch" classname="org.apache.commons.math3.linear.ArrayRealVectorTest" time="0"/>
  <testcase name="testAddSameType" classname="org.apache.commons.math3.linear.ArrayRealVectorTest" time="0"/>
  <testcase name="testGetDistanceSameType" classname="org.apache.commons.math3.linear.ArrayRealVectorTest" time="0"/>
  <testcase name="testCombineToSelfMixedTypes" classname="org.apache.commons.math3.linear.ArrayRealVectorTest" time="0.011"/>
  <testcase name="testGetL1DistanceSameType" classname="org.apache.commons.math3.linear.ArrayRealVectorTest" time="0"/>
  <testcase name="testGetEntryInvalidIndex1" classname="org.apache.commons.math3.linear.ArrayRealVectorTest" time="0"/>
  <testcase name="testGetEntryInvalidIndex2" classname="org.apache.commons.math3.linear.ArrayRealVectorTest" time="0"/>
  <testcase name="testCombineSameType" classname="org.apache.commons.math3.linear.ArrayRealVectorTest" time="0.011"/>
  <testcase name="testProjectionDimensionMismatch" classname="org.apache.commons.math3.linear.ArrayRealVectorTest" time="0"/>
  <testcase name="testGetSubVector" classname="org.apache.commons.math3.linear.ArrayRealVectorTest" time="0"/>
  <testcase name="testGetLInfDistanceDimensionMismatch" classname="org.apache.commons.math3.linear.ArrayRealVectorTest" time="0"/>
  <testcase name="testMapSubtract" classname="org.apache.commons.math3.linear.ArrayRealVectorTest" time="0"/>
  <testcase name="testDotProductMixedTypes" classname="org.apache.commons.math3.linear.ArrayRealVectorTest" time="0.001"/>
  <testcase name="testAddDimensionMismatch" classname="org.apache.commons.math3.linear.ArrayRealVectorTest" time="0"/>
  <testcase name="testAddToEntryInvalidIndex1" classname="org.apache.commons.math3.linear.ArrayRealVectorTest" time="0"/>
  <testcase name="testAddToEntryInvalidIndex2" classname="org.apache.commons.math3.linear.ArrayRealVectorTest" time="0"/>
  <testcase name="testMapDivide" classname="org.apache.commons.math3.linear.ArrayRealVectorTest" time="0"/>
  <testcase name="testSetSubVectorMixedType" classname="org.apache.commons.math3.linear.ArrayRealVectorTest" time="0"/>
  <testcase name="testUnitVectorNullVector" classname="org.apache.commons.math3.linear.ArrayRealVectorTest" time="0"/>
  <testcase name="testMapAddToSelf" classname="org.apache.commons.math3.linear.ArrayRealVectorTest" time="0"/>
  <testcase name="testGetL1Norm" classname="org.apache.commons.math3.linear.ArrayRealVectorTest" time="0"/>
  <testcase name="testGetLInfDistanceSameType" classname="org.apache.commons.math3.linear.ArrayRealVectorTest" time="0"/>
  <testcase name="testCosineDimensionMismatch" classname="org.apache.commons.math3.linear.ArrayRealVectorTest" time="0"/>
  <testcase name="testEquals" classname="org.apache.commons.math3.linear.ArrayRealVectorTest" time="0"/>
  <testcase name="testDotProductDimensionMismatchSameType" classname="org.apache.commons.math3.linear.ArrayRealVectorTest" time="0"/>
  <testcase name="testGetDistanceMixedTypes" classname="org.apache.commons.math3.linear.ArrayRealVectorTest" time="0"/>
  <testcase name="testMapAdd" classname="org.apache.commons.math3.linear.ArrayRealVectorTest" time="0"/>
  <testcase name="testMinMax" classname="org.apache.commons.math3.linear.ArrayRealVectorTest" time="0"/>
  <testcase name="testUnitVector" classname="org.apache.commons.math3.linear.ArrayRealVectorTest" time="0"/>
  <testcase name="testProjectionNullVector" classname="org.apache.commons.math3.linear.ArrayRealVectorTest" time="0"/>
  <testcase name="testMapToSelf" classname="org.apache.commons.math3.linear.ArrayRealVectorTest" time="0"/>
  <testcase name="testWalkInDefaultOrderPreservingVisitor1" classname="org.apache.commons.math3.linear.ArrayRealVectorTest" time="0.001"/>
  <testcase name="testWalkInDefaultOrderPreservingVisitor2" classname="org.apache.commons.math3.linear.ArrayRealVectorTest" time="0.001"/>
  <testcase name="testWalkInDefaultOrderPreservingVisitor3" classname="org.apache.commons.math3.linear.ArrayRealVectorTest" time="0"/>
  <testcase name="testSubtractDimensionMismatch" classname="org.apache.commons.math3.linear.ArrayRealVectorTest" time="0"/>
  <testcase name="testCombineToSelfDimensionMismatchSameType" classname="org.apache.commons.math3.linear.ArrayRealVectorTest" time="0"/>
  <testcase name="testWalkInOptimizedOrderPreservingVisitor1" classname="org.apache.commons.math3.linear.ArrayRealVectorTest" time="0.001"/>
  <testcase name="testWalkInOptimizedOrderPreservingVisitor2" classname="org.apache.commons.math3.linear.ArrayRealVectorTest" time="0"/>
  <testcase name="testWalkInOptimizedOrderPreservingVisitor3" classname="org.apache.commons.math3.linear.ArrayRealVectorTest" time="0.001"/>
  <testcase name="testSetSubVectorSameType" classname="org.apache.commons.math3.linear.ArrayRealVectorTest" time="0"/>
  <testcase name="testSerial" classname="org.apache.commons.math3.linear.ArrayRealVectorTest" time="0"/>
  <testcase name="testGetL1DistanceMixedTypes" classname="org.apache.commons.math3.linear.ArrayRealVectorTest" time="0"/>
  <testcase name="testIterator" classname="org.apache.commons.math3.linear.ArrayRealVectorTest" time="0"/>
  <testcase name="testSetEntry" classname="org.apache.commons.math3.linear.ArrayRealVectorTest" time="0"/>
  <testcase name="testGetSubVectorInvalidIndex1" classname="org.apache.commons.math3.linear.ArrayRealVectorTest" time="0"/>
  <testcase name="testGetSubVectorInvalidIndex2" classname="org.apache.commons.math3.linear.ArrayRealVectorTest" time="0"/>
  <testcase name="testGetSubVectorInvalidIndex3" classname="org.apache.commons.math3.linear.ArrayRealVectorTest" time="0"/>
  <testcase name="testGetSubVectorInvalidIndex4" classname="org.apache.commons.math3.linear.ArrayRealVectorTest" time="0"/>
</testsuite>