<?xml version="1.0" encoding="UTF-8"?>
<testsuite name="org.apache.commons.math3.complex.ComplexTest" time="0" tests="138" errors="0" skipped="0" failures="0">
  <properties>
    <property name="java.runtime.name" value="Java(TM) SE Runtime Environment"/>
    <property name="sun.boot.library.path" value="D:\Program Files\Java\jdk1.8.0_91\jre\bin"/>
    <property name="java.vm.version" value="25.91-b15"/>
    <property name="java.vm.vendor" value="Oracle Corporation"/>
    <property name="maven.multiModuleProjectDirectory" value="D:\Java_projects\AST\jacoco\commons-math3-3.6.1-src"/>
    <property name="java.vendor.url" value="http://java.oracle.com/"/>
    <property name="path.separator" value=";"/>
    <property name="guice.disable.misplaced.annotation.check" value="true"/>
    <property name="java.vm.name" value="Java HotSpot(TM) 64-Bit Server VM"/>
    <property name="file.encoding.pkg" value="sun.io"/>
    <property name="user.script" value=""/>
    <property name="user.country" value="RU"/>
    <property name="sun.java.launcher" value="SUN_STANDARD"/>
    <property name="sun.os.patch.level" value=""/>
    <property name="java.vm.specification.name" value="Java Virtual Machine Specification"/>
    <property name="user.dir" value="D:\Java_projects\AST\jacoco\commons-math3-3.6.1-src"/>
    <property name="java.runtime.version" value="1.8.0_91-b15"/>
    <property name="java.awt.graphicsenv" value="sun.awt.Win32GraphicsEnvironment"/>
    <property name="java.endorsed.dirs" value="D:\Program Files\Java\jdk1.8.0_91\jre\lib\endorsed"/>
    <property name="os.arch" value="amd64"/>
    <property name="java.io.tmpdir" value="C:\Users\111\AppData\Local\Temp\"/>
    <property name="line.separator" value="&#10;"/>
    <property name="java.vm.specification.vendor" value="Oracle Corporation"/>
    <property name="user.variant" value=""/>
    <property name="os.name" value="Windows 10"/>
    <property name="classworlds.conf" value="D:\Program Files\Maven\apache-maven-3.3.9\bin\m2.conf"/>
    <property name="sun.jnu.encoding" value="Cp1251"/>
    <property name="java.library.path" value="D:\Program Files\Java\jdk1.8.0_91\bin;C:\WINDOWS\Sun\Java\bin;C:\WINDOWS\system32;C:\WINDOWS;C:\ProgramData\Oracle\Java\javapath;C:\Program Files (x86)\Intel\iCLS Client\;C:\Program Files\Intel\iCLS Client\;C:\Windows\system32;C:\Windows;C:\Windows\System32\Wbem;C:\Windows\System32\WindowsPowerShell\v1.0\;C:\Program Files (x86)\Intel\Intel(R) Management Engine Components\DAL;C:\Program Files\Intel\Intel(R) Management Engine Components\DAL;C:\Program Files (x86)\Intel\Intel(R) Management Engine Components\IPT;C:\Program Files\Intel\Intel(R) Management Engine Components\IPT;C:\WINDOWS\system32;C:\WINDOWS;C:\WINDOWS\System32\Wbem;C:\WINDOWS\System32\WindowsPowerShell\v1.0\;C:\Program Files (x86)\NVIDIA Corporation\PhysX\Common;C:\Program Files (x86)\Skype\Phone\;D:\Program Files\Git\cmd;C:\Program Files (x86)\GtkSharp\2.12\bin;C:\WINDOWS\system32\config\systemprofile\.dnx\bin;C:\Program Files\Microsoft DNX\Dnvm\;C:\Program Files (x86)\Windows Kits\8.1\Windows Performance Toolkit\;D:\Program Files\Java\jdk1.8.0_91\bin;D:\Program Files\Maven\apache-maven-3.3.9\bin;D:\Program Files\Vagrant\bin;D:\Program Files\PuTTY\;C:\Users\111\AppData\Local\Microsoft\WindowsApps;;."/>
    <property name="java.specification.name" value="Java Platform API Specification"/>
    <property name="java.class.version" value="52.0"/>
    <property name="sun.management.compiler" value="HotSpot 64-Bit Tiered Compilers"/>
    <property name="os.version" value="10.0"/>
    <property name="user.home" value="C:\Users\111"/>
    <property name="user.timezone" value="Europe/Moscow"/>
    <property name="java.awt.printerjob" value="sun.awt.windows.WPrinterJob"/>
    <property name="java.specification.version" value="1.8"/>
    <property name="file.encoding" value="Cp1251"/>
    <property name="user.name" value="Krabik"/>
    <property name="java.class.path" value="D:\Program Files\Maven\apache-maven-3.3.9\boot\plexus-classworlds-2.5.2.jar"/>
    <property name="java.vm.specification.version" value="1.8"/>
    <property name="sun.arch.data.model" value="64"/>
    <property name="java.home" value="D:\Program Files\Java\jdk1.8.0_91\jre"/>
    <property name="sun.java.command" value="org.codehaus.plexus.classworlds.launcher.Launcher clean package"/>
    <property name="java.specification.vendor" value="Oracle Corporation"/>
    <property name="user.language" value="ru"/>
    <property name="awt.toolkit" value="sun.awt.windows.WToolkit"/>
    <property name="java.vm.info" value="mixed mode"/>
    <property name="java.version" value="1.8.0_91"/>
    <property name="java.ext.dirs" value="D:\Program Files\Java\jdk1.8.0_91\jre\lib\ext;C:\WINDOWS\Sun\Java\lib\ext"/>
    <property name="sun.boot.class.path" value="D:\Program Files\Java\jdk1.8.0_91\jre\lib\resources.jar;D:\Program Files\Java\jdk1.8.0_91\jre\lib\rt.jar;D:\Program Files\Java\jdk1.8.0_91\jre\lib\sunrsasign.jar;D:\Program Files\Java\jdk1.8.0_91\jre\lib\jsse.jar;D:\Program Files\Java\jdk1.8.0_91\jre\lib\jce.jar;D:\Program Files\Java\jdk1.8.0_91\jre\lib\charsets.jar;D:\Program Files\Java\jdk1.8.0_91\jre\lib\jfr.jar;D:\Program Files\Java\jdk1.8.0_91\jre\classes"/>
    <property name="sun.stderr.encoding" value="cp866"/>
    <property name="java.vendor" value="Oracle Corporation"/>
    <property name="maven.home" value="D:\Program Files\Maven\apache-maven-3.3.9"/>
    <property name="file.separator" value="\"/>
    <property name="java.vendor.url.bug" value="http://bugreport.sun.com/bugreport/"/>
    <property name="sun.cpu.endian" value="little"/>
    <property name="sun.io.unicode.encoding" value="UnicodeLittle"/>
    <property name="sun.stdout.encoding" value="cp866"/>
    <property name="sun.desktop" value="windows"/>
    <property name="sun.cpu.isalist" value="amd64"/>
  </properties>
  <testcase name="testReciprocalReal" classname="org.apache.commons.math3.complex.ComplexTest" time="0"/>
  <testcase name="testReciprocalZero" classname="org.apache.commons.math3.complex.ComplexTest" time="0"/>
  <testcase name="testFloatingPointEqualsWithAllowedDeltaNaN" classname="org.apache.commons.math3.complex.ComplexTest" time="0"/>
  <testcase name="testNthRoot_cornercase_NAN_Inf" classname="org.apache.commons.math3.complex.ComplexTest" time="0"/>
  <testcase name="testTanhInf" classname="org.apache.commons.math3.complex.ComplexTest" time="0"/>
  <testcase name="testTanhNaN" classname="org.apache.commons.math3.complex.ComplexTest" time="0"/>
  <testcase name="testConjugateNaN" classname="org.apache.commons.math3.complex.ComplexTest" time="0"/>
  <testcase name="testScalarDivideInf" classname="org.apache.commons.math3.complex.ComplexTest" time="0"/>
  <testcase name="testScalarDivideNaN" classname="org.apache.commons.math3.complex.ComplexTest" time="0"/>
  <testcase name="testScalarMultiplyInf" classname="org.apache.commons.math3.complex.ComplexTest" time="0"/>
  <testcase name="testScalarMultiplyNaN" classname="org.apache.commons.math3.complex.ComplexTest" time="0"/>
  <testcase name="testDivideImaginary" classname="org.apache.commons.math3.complex.ComplexTest" time="0"/>
  <testcase name="testExpInf1" classname="org.apache.commons.math3.complex.ComplexTest" time="0"/>
  <testcase name="testExpInf2" classname="org.apache.commons.math3.complex.ComplexTest" time="0"/>
  <testcase name="testExpInf3" classname="org.apache.commons.math3.complex.ComplexTest" time="0"/>
  <testcase name="testExpInf4" classname="org.apache.commons.math3.complex.ComplexTest" time="0"/>
  <testcase name="testExpInf5" classname="org.apache.commons.math3.complex.ComplexTest" time="0"/>
  <testcase name="testExpInf6" classname="org.apache.commons.math3.complex.ComplexTest" time="0"/>
  <testcase name="testExpInf7" classname="org.apache.commons.math3.complex.ComplexTest" time="0"/>
  <testcase name="testExpInf8" classname="org.apache.commons.math3.complex.ComplexTest" time="0"/>
  <testcase name="testAcosInf" classname="org.apache.commons.math3.complex.ComplexTest" time="0"/>
  <testcase name="testAcosNaN" classname="org.apache.commons.math3.complex.ComplexTest" time="0"/>
  <testcase name="testEqualsClass" classname="org.apache.commons.math3.complex.ComplexTest" time="0"/>
  <testcase name="testAbs" classname="org.apache.commons.math3.complex.ComplexTest" time="0"/>
  <testcase name="testAdd" classname="org.apache.commons.math3.complex.ComplexTest" time="0"/>
  <testcase name="testCos" classname="org.apache.commons.math3.complex.ComplexTest" time="0"/>
  <testcase name="testExp" classname="org.apache.commons.math3.complex.ComplexTest" time="0"/>
  <testcase name="testLog" classname="org.apache.commons.math3.complex.ComplexTest" time="0"/>
  <testcase name="testPow" classname="org.apache.commons.math3.complex.ComplexTest" time="0"/>
  <testcase name="testSin" classname="org.apache.commons.math3.complex.ComplexTest" time="0"/>
  <testcase name="testTan" classname="org.apache.commons.math3.complex.ComplexTest" time="0"/>
  <testcase name="testSubtract" classname="org.apache.commons.math3.complex.ComplexTest" time="0"/>
  <testcase name="testScalarAdd" classname="org.apache.commons.math3.complex.ComplexTest" time="0"/>
  <testcase name="testScalarPow" classname="org.apache.commons.math3.complex.ComplexTest" time="0"/>
  <testcase name="testDivideNaNInf" classname="org.apache.commons.math3.complex.ComplexTest" time="0"/>
  <testcase name="testAtanI" classname="org.apache.commons.math3.complex.ComplexTest" time="0"/>
  <testcase name="testAcos" classname="org.apache.commons.math3.complex.ComplexTest" time="0"/>
  <testcase name="testAsin" classname="org.apache.commons.math3.complex.ComplexTest" time="0"/>
  <testcase name="testAtan" classname="org.apache.commons.math3.complex.ComplexTest" time="0"/>
  <testcase name="testCosh" classname="org.apache.commons.math3.complex.ComplexTest" time="0"/>
  <testcase name="testSinh" classname="org.apache.commons.math3.complex.ComplexTest" time="0"/>
  <testcase name="testTanh" classname="org.apache.commons.math3.complex.ComplexTest" time="0"/>
  <testcase name="testAsinInf" classname="org.apache.commons.math3.complex.ComplexTest" time="0"/>
  <testcase name="testAsinNaN" classname="org.apache.commons.math3.complex.ComplexTest" time="0"/>
  <testcase name="testAtanInf" classname="org.apache.commons.math3.complex.ComplexTest" time="0"/>
  <testcase name="testAtanNaN" classname="org.apache.commons.math3.complex.ComplexTest" time="0"/>
  <testcase name="testFloatingPointEqualsWithRelativeToleranceNaN" classname="org.apache.commons.math3.complex.ComplexTest" time="0"/>
  <testcase name="testReciprocal" classname="org.apache.commons.math3.complex.ComplexTest" time="0"/>
  <testcase name="testScalarAddInf" classname="org.apache.commons.math3.complex.ComplexTest" time="0"/>
  <testcase name="testScalarAddNaN" classname="org.apache.commons.math3.complex.ComplexTest" time="0"/>
  <testcase name="testFloatingPointEqualsWithAllowedDelta" classname="org.apache.commons.math3.complex.ComplexTest" time="0"/>
  <testcase name="testScalarPowZero" classname="org.apache.commons.math3.complex.ComplexTest" time="0"/>
  <testcase name="testScalarDivide" classname="org.apache.commons.math3.complex.ComplexTest" time="0"/>
  <testcase name="testDivideInf" classname="org.apache.commons.math3.complex.ComplexTest" time="0"/>
  <testcase name="testDivideNaN" classname="org.apache.commons.math3.complex.ComplexTest" time="0"/>
  <testcase name="testEqualsRealDifference" classname="org.apache.commons.math3.complex.ComplexTest" time="0"/>
  <testcase name="testNegateNaN" classname="org.apache.commons.math3.complex.ComplexTest" time="0"/>
  <testcase name="testTanhCritical" classname="org.apache.commons.math3.complex.ComplexTest" time="0"/>
  <testcase name="testPowZero" classname="org.apache.commons.math3.complex.ComplexTest" time="0"/>
  <testcase name="testScalarPowInf" classname="org.apache.commons.math3.complex.ComplexTest" time="0"/>
  <testcase name="testScalarMultiply" classname="org.apache.commons.math3.complex.ComplexTest" time="0"/>
  <testcase name="testSqrtImaginaryZero" classname="org.apache.commons.math3.complex.ComplexTest" time="0"/>
  <testcase name="testSqrtRealPositive" classname="org.apache.commons.math3.complex.ComplexTest" time="0"/>
  <testcase name="testEqualsNull" classname="org.apache.commons.math3.complex.ComplexTest" time="0"/>
  <testcase name="testEqualsSame" classname="org.apache.commons.math3.complex.ComplexTest" time="0"/>
  <testcase name="testEqualsTrue" classname="org.apache.commons.math3.complex.ComplexTest" time="0"/>
  <testcase name="testSqrt1zNaN" classname="org.apache.commons.math3.complex.ComplexTest" time="0"/>
  <testcase name="testSqrtRealNegative" classname="org.apache.commons.math3.complex.ComplexTest" time="0"/>
  <testcase name="testScalarPowNaNBase" classname="org.apache.commons.math3.complex.ComplexTest" time="0"/>
  <testcase name="testGetArgument" classname="org.apache.commons.math3.complex.ComplexTest" time="0"/>
  <testcase name="testSqrtPolar" classname="org.apache.commons.math3.complex.ComplexTest" time="0"/>
  <testcase name="testMultiplyNaN" classname="org.apache.commons.math3.complex.ComplexTest" time="0"/>
  <testcase name="testLogZero" classname="org.apache.commons.math3.complex.ComplexTest" time="0"/>
  <testcase name="testConjugate" classname="org.apache.commons.math3.complex.ComplexTest" time="0"/>
  <testcase name="testFloatingPointEqualsNaN" classname="org.apache.commons.math3.complex.ComplexTest" time="0"/>
  <testcase name="testMultiplyInfInf" classname="org.apache.commons.math3.complex.ComplexTest" time="0"/>
  <testcase name="testNthRoot_normal_fourthRoot" classname="org.apache.commons.math3.complex.ComplexTest" time="0"/>
  <testcase name="testMultiplyNaNInf" classname="org.apache.commons.math3.complex.ComplexTest" time="0"/>
  <testcase name="testEqualsImaginaryDifference" classname="org.apache.commons.math3.complex.ComplexTest" time="0"/>
  <testcase name="testScalarSubtractInf" classname="org.apache.commons.math3.complex.ComplexTest" time="0"/>
  <testcase name="testScalarSubtractNaN" classname="org.apache.commons.math3.complex.ComplexTest" time="0"/>
  <testcase name="testTanCritical" classname="org.apache.commons.math3.complex.ComplexTest" time="0"/>
  <testcase name="testPowNaNBase" classname="org.apache.commons.math3.complex.ComplexTest" time="0"/>
  <testcase name="testMath221" classname="org.apache.commons.math3.complex.ComplexTest" time="0"/>
  <testcase name="testNthRoot_cornercase_thirdRoot_imaginaryPartEmpty" classname="org.apache.commons.math3.complex.ComplexTest" time="0"/>
  <testcase name="testFloatingPointEqualsWithRelativeTolerance" classname="org.apache.commons.math3.complex.ComplexTest" time="0"/>
  <testcase name="testGetArgumentInf" classname="org.apache.commons.math3.complex.ComplexTest" time="0"/>
  <testcase name="testGetArgumentNaN" classname="org.apache.commons.math3.complex.ComplexTest" time="0"/>
  <testcase name="testConstructorNaN" classname="org.apache.commons.math3.complex.ComplexTest" time="0"/>
  <testcase name="testCoshInf" classname="org.apache.commons.math3.complex.ComplexTest" time="0"/>
  <testcase name="testCoshNaN" classname="org.apache.commons.math3.complex.ComplexTest" time="0"/>
  <testcase name="testPowNaNExponent" classname="org.apache.commons.math3.complex.ComplexTest" time="0"/>
  <testcase name="testHashCode" classname="org.apache.commons.math3.complex.ComplexTest" time="0"/>
  <testcase name="testSqrtRealZero" classname="org.apache.commons.math3.complex.ComplexTest" time="0"/>
  <testcase name="testSqrtImaginaryNegative" classname="org.apache.commons.math3.complex.ComplexTest" time="0"/>
  <testcase name="testFloatingPointEqualsPrecondition1" classname="org.apache.commons.math3.complex.ComplexTest" time="0"/>
  <testcase name="testFloatingPointEqualsPrecondition2" classname="org.apache.commons.math3.complex.ComplexTest" time="0"/>
  <testcase name="testReciprocalInf" classname="org.apache.commons.math3.complex.ComplexTest" time="0"/>
  <testcase name="testReciprocalNaN" classname="org.apache.commons.math3.complex.ComplexTest" time="0"/>
  <testcase name="testFloatingPointEquals" classname="org.apache.commons.math3.complex.ComplexTest" time="0"/>
  <testcase name="testNthRoot_cornercase_thirdRoot_realPartZero" classname="org.apache.commons.math3.complex.ComplexTest" time="0"/>
  <testcase name="testScalarDivideZero" classname="org.apache.commons.math3.complex.ComplexTest" time="0"/>
  <testcase name="testScalarSubtract" classname="org.apache.commons.math3.complex.ComplexTest" time="0"/>
  <testcase name="testAbsNaN" classname="org.apache.commons.math3.complex.ComplexTest" time="0"/>
  <testcase name="testAddInf" classname="org.apache.commons.math3.complex.ComplexTest" time="0"/>
  <testcase name="testAddNaN" classname="org.apache.commons.math3.complex.ComplexTest" time="0"/>
  <testcase name="testCosInf" classname="org.apache.commons.math3.complex.ComplexTest" time="0"/>
  <testcase name="testCosNaN" classname="org.apache.commons.math3.complex.ComplexTest" time="0"/>
  <testcase name="testDivide" classname="org.apache.commons.math3.complex.ComplexTest" time="0"/>
  <testcase name="testExpNaN" classname="org.apache.commons.math3.complex.ComplexTest" time="0"/>
  <testcase name="testMultiply" classname="org.apache.commons.math3.complex.ComplexTest" time="0"/>
  <testcase name="testDivideReal" classname="org.apache.commons.math3.complex.ComplexTest" time="0"/>
  <testcase name="testDivideZero" classname="org.apache.commons.math3.complex.ComplexTest" time="0"/>
  <testcase name="testEqualsNaN" classname="org.apache.commons.math3.complex.ComplexTest" time="0"/>
  <testcase name="testLogInf" classname="org.apache.commons.math3.complex.ComplexTest" time="0"/>
  <testcase name="testLogNaN" classname="org.apache.commons.math3.complex.ComplexTest" time="0"/>
  <testcase name="testNegate" classname="org.apache.commons.math3.complex.ComplexTest" time="0"/>
  <testcase name="testPowInf" classname="org.apache.commons.math3.complex.ComplexTest" time="0"/>
  <testcase name="testConjugateInfiinite" classname="org.apache.commons.math3.complex.ComplexTest" time="0"/>
  <testcase name="testSinhInf" classname="org.apache.commons.math3.complex.ComplexTest" time="0"/>
  <testcase name="testSinhNaN" classname="org.apache.commons.math3.complex.ComplexTest" time="0"/>
  <testcase name="testSerial" classname="org.apache.commons.math3.complex.ComplexTest" time="0"/>
  <testcase name="testSinInf" classname="org.apache.commons.math3.complex.ComplexTest" time="0"/>
  <testcase name="testSinNaN" classname="org.apache.commons.math3.complex.ComplexTest" time="0"/>
  <testcase name="testSqrt1z" classname="org.apache.commons.math3.complex.ComplexTest" time="0"/>
  <testcase name="testTanInf" classname="org.apache.commons.math3.complex.ComplexTest" time="0"/>
  <testcase name="testTanNaN" classname="org.apache.commons.math3.complex.ComplexTest" time="0"/>
  <testcase name="testNthRoot_normal_thirdRoot" classname="org.apache.commons.math3.complex.ComplexTest" time="0"/>
  <testcase name="testpowNull" classname="org.apache.commons.math3.complex.ComplexTest" time="0"/>
  <testcase name="testSubtractInf" classname="org.apache.commons.math3.complex.ComplexTest" time="0"/>
  <testcase name="testSubtractNaN" classname="org.apache.commons.math3.complex.ComplexTest" time="0"/>
  <testcase name="testAbsInfinite" classname="org.apache.commons.math3.complex.ComplexTest" time="0"/>
  <testcase name="testSqrtInf" classname="org.apache.commons.math3.complex.ComplexTest" time="0"/>
  <testcase name="testSqrtNaN" classname="org.apache.commons.math3.complex.ComplexTest" time="0"/>
  <testcase name="testDivideZeroZero" classname="org.apache.commons.math3.complex.ComplexTest" time="0"/>
  <testcase name="testConstructor" classname="org.apache.commons.math3.complex.ComplexTest" time="0"/>
  <testcase name="testScalarPowNaNExponent" classname="org.apache.commons.math3.complex.ComplexTest" time="0"/>
  <testcase name="testReciprocalImaginary" classname="org.apache.commons.math3.complex.ComplexTest" time="0"/>
</testsuite>